{"C:\\Users\\quanb\\Documents\\work\\corsearch-assignment\\src\\api\\client.ts": {"path":"C:\\Users\\quanb\\Documents\\work\\corsearch-assignment\\src\\api\\client.ts","statementMap":{"0":{"start":{"line":3,"column":13},"end":{"line":10,"column":null}},"1":{"start":{"line":4,"column":25},"end":{"line":4,"column":46}},"2":{"start":{"line":5,"column":4},"end":{"line":9,"column":null}},"3":{"start":{"line":6,"column":8},"end":{"line":7,"column":null}},"4":{"start":{"line":7,"column":12},"end":{"line":7,"column":null}},"5":{"start":{"line":10,"column":4},"end":{"line":10,"column":null}},"6":{"start":{"line":15,"column":30},"end":{"line":27,"column":null}},"7":{"start":{"line":16,"column":16},"end":{"line":16,"column":null}},"8":{"start":{"line":17,"column":21},"end":{"line":22,"column":6}},"9":{"start":{"line":23,"column":4},"end":{"line":24,"column":null}},"10":{"start":{"line":24,"column":8},"end":{"line":24,"column":null}},"11":{"start":{"line":26,"column":20},"end":{"line":26,"column":41}},"12":{"start":{"line":27,"column":4},"end":{"line":27,"column":null}}},"fnMap":{"0":{"name":"(anonymous_0)","decl":{"start":{"line":3,"column":13},"end":{"line":3,"column":33}},"loc":{"start":{"line":3,"column":72},"end":{"line":10,"column":null}},"line":3},"1":{"name":"(anonymous_1)","decl":{"start":{"line":5,"column":27},"end":{"line":5,"column":36}},"loc":{"start":{"line":5,"column":53},"end":{"line":9,"column":null}},"line":5},"2":{"name":"(anonymous_2)","decl":{"start":{"line":15,"column":30},"end":{"line":15,"column":40}},"loc":{"start":{"line":15,"column":107},"end":{"line":27,"column":null}},"line":15}},"branchMap":{"0":{"loc":{"start":{"line":6,"column":8},"end":{"line":7,"column":null}},"type":"if","locations":[{"start":{"line":6,"column":8},"end":{"line":7,"column":null}},{"start":{},"end":{}}],"line":6},"1":{"loc":{"start":{"line":6,"column":12},"end":{"line":6,"column":67}},"type":"binary-expr","locations":[{"start":{"line":6,"column":12},"end":{"line":6,"column":35}},{"start":{"line":6,"column":35},"end":{"line":6,"column":53}},{"start":{"line":6,"column":53},"end":{"line":6,"column":67}}],"line":6},"2":{"loc":{"start":{"line":15,"column":57},"end":{"line":15,"column":68}},"type":"default-arg","locations":[{"start":{"line":15,"column":66},"end":{"line":15,"column":68}}],"line":15},"3":{"loc":{"start":{"line":16,"column":16},"end":{"line":16,"column":null}},"type":"cond-expr","locations":[{"start":{"line":16,"column":25},"end":{"line":16,"column":79}},{"start":{"line":16,"column":79},"end":{"line":16,"column":null}}],"line":16},"4":{"loc":{"start":{"line":23,"column":4},"end":{"line":24,"column":null}},"type":"if","locations":[{"start":{"line":23,"column":4},"end":{"line":24,"column":null}},{"start":{},"end":{}}],"line":23}},"s":{"0":1,"1":3,"2":3,"3":11,"4":8,"5":3,"6":1,"7":1,"8":1,"9":1,"10":0,"11":1,"12":1},"f":{"0":3,"1":11,"2":1},"b":{"0":[8,3],"1":[11,10,9],"2":[1],"3":[1,0],"4":[0,1]},"meta":{"lastBranch":5,"lastFunction":3,"lastStatement":13,"seen":{"s:3:13:10:Infinity":0,"f:3:13:3:33":0,"s:4:25:4:46":1,"s:5:4:9:Infinity":2,"f:5:27:5:36":1,"b:6:8:7:Infinity:undefined:undefined:undefined:undefined":0,"s:6:8:7:Infinity":3,"b:6:12:6:35:6:35:6:53:6:53:6:67":1,"s:7:12:7:Infinity":4,"s:10:4:10:Infinity":5,"s:15:30:27:Infinity":6,"f:15:30:15:40":2,"b:15:66:15:68":2,"s:16:16:16:Infinity":7,"b:16:25:16:79:16:79:16:Infinity":3,"s:17:21:22:6":8,"b:23:4:24:Infinity:undefined:undefined:undefined:undefined":4,"s:23:4:24:Infinity":9,"s:24:8:24:Infinity":10,"s:26:20:26:41":11,"s:27:4:27:Infinity":12}}}
,"C:\\Users\\quanb\\Documents\\work\\corsearch-assignment\\src\\assets\\delete-icon.svg": {"path":"C:\\Users\\quanb\\Documents\\work\\corsearch-assignment\\src\\assets\\delete-icon.svg","statementMap":{},"fnMap":{},"branchMap":{},"s":{},"f":{},"b":{},"meta":{"lastBranch":0,"lastFunction":0,"lastStatement":0,"seen":{}}}
,"C:\\Users\\quanb\\Documents\\work\\corsearch-assignment\\src\\assets\\history.svg": {"path":"C:\\Users\\quanb\\Documents\\work\\corsearch-assignment\\src\\assets\\history.svg","statementMap":{},"fnMap":{},"branchMap":{},"s":{},"f":{},"b":{},"meta":{"lastBranch":0,"lastFunction":0,"lastStatement":0,"seen":{}}}
,"C:\\Users\\quanb\\Documents\\work\\corsearch-assignment\\src\\assets\\my-location.svg": {"path":"C:\\Users\\quanb\\Documents\\work\\corsearch-assignment\\src\\assets\\my-location.svg","statementMap":{},"fnMap":{},"branchMap":{},"s":{},"f":{},"b":{},"meta":{"lastBranch":0,"lastFunction":0,"lastStatement":0,"seen":{}}}
,"C:\\Users\\quanb\\Documents\\work\\corsearch-assignment\\src\\features\\location-search\\components\\LocationSearch.module.scss": {"path":"C:\\Users\\quanb\\Documents\\work\\corsearch-assignment\\src\\features\\location-search\\components\\LocationSearch.module.scss","statementMap":{},"fnMap":{},"branchMap":{},"s":{},"f":{},"b":{},"meta":{"lastBranch":0,"lastFunction":0,"lastStatement":0,"seen":{}}}
,"C:\\Users\\quanb\\Documents\\work\\corsearch-assignment\\src\\features\\location-search\\components\\LocationSearch.tsx": {"path":"C:\\Users\\quanb\\Documents\\work\\corsearch-assignment\\src\\features\\location-search\\components\\LocationSearch.tsx","statementMap":{"0":{"start":{"line":17,"column":2},"end":{"line":18,"column":null}},"1":{"start":{"line":18,"column":4},"end":{"line":18,"column":null}},"2":{"start":{"line":20,"column":2},"end":{"line":20,"column":null}},"3":{"start":{"line":24,"column":2},"end":{"line":25,"column":null}},"4":{"start":{"line":25,"column":4},"end":{"line":25,"column":null}},"5":{"start":{"line":27,"column":14},"end":{"line":27,"column":59}},"6":{"start":{"line":28,"column":2},"end":{"line":28,"column":null}},"7":{"start":{"line":28,"column":12},"end":{"line":28,"column":null}},"8":{"start":{"line":29,"column":17},"end":{"line":29,"column":32}},"9":{"start":{"line":30,"column":2},"end":{"line":30,"column":null}},"10":{"start":{"line":35,"column":16},"end":{"line":35,"column":97}},"11":{"start":{"line":36,"column":20},"end":{"line":36,"column":51}},"12":{"start":{"line":37,"column":30},"end":{"line":37,"column":64}},"13":{"start":{"line":38,"column":24},"end":{"line":38,"column":92}},"14":{"start":{"line":39,"column":19},"end":{"line":39,"column":null}},"15":{"start":{"line":40,"column":22},"end":{"line":40,"column":null}},"16":{"start":{"line":41,"column":28},"end":{"line":41,"column":null}},"17":{"start":{"line":42,"column":28},"end":{"line":42,"column":null}},"18":{"start":{"line":45,"column":18},"end":{"line":45,"column":45}},"19":{"start":{"line":46,"column":16},"end":{"line":46,"column":null}},"20":{"start":{"line":47,"column":4},"end":{"line":53,"column":null}},"21":{"start":{"line":57,"column":21},"end":{"line":57,"column":47}},"22":{"start":{"line":58,"column":4},"end":{"line":61,"column":null}},"23":{"start":{"line":59,"column":22},"end":{"line":59,"column":74}},"24":{"start":{"line":59,"column":48},"end":{"line":59,"column":74}},"25":{"start":{"line":60,"column":6},"end":{"line":60,"column":null}},"26":{"start":{"line":64,"column":8},"end":{"line":69,"column":null}},"27":{"start":{"line":65,"column":4},"end":{"line":69,"column":null}},"28":{"start":{"line":66,"column":6},"end":{"line":69,"column":null}},"29":{"start":{"line":67,"column":37},"end":{"line":67,"column":null}},"30":{"start":{"line":68,"column":8},"end":{"line":68,"column":null}},"31":{"start":{"line":73,"column":28},"end":{"line":73,"column":55}},"32":{"start":{"line":74,"column":4},"end":{"line":74,"column":null}},"33":{"start":{"line":75,"column":4},"end":{"line":75,"column":null}},"34":{"start":{"line":76,"column":4},"end":{"line":76,"column":null}},"35":{"start":{"line":77,"column":4},"end":{"line":77,"column":null}},"36":{"start":{"line":81,"column":4},"end":{"line":85,"column":null}},"37":{"start":{"line":86,"column":4},"end":{"line":86,"column":null}},"38":{"start":{"line":87,"column":4},"end":{"line":87,"column":null}},"39":{"start":{"line":91,"column":4},"end":{"line":91,"column":null}},"40":{"start":{"line":91,"column":35},"end":{"line":91,"column":78}},"41":{"start":{"line":91,"column":61},"end":{"line":91,"column":78}},"42":{"start":{"line":95,"column":4},"end":{"line":95,"column":null}},"43":{"start":{"line":96,"column":4},"end":{"line":96,"column":null}},"44":{"start":{"line":97,"column":4},"end":{"line":97,"column":null}},"45":{"start":{"line":100,"column":2},"end":{"line":102,"column":null}},"46":{"start":{"line":101,"column":4},"end":{"line":101,"column":null}},"47":{"start":{"line":104,"column":2},"end":{"line":156,"column":null}},"48":{"start":{"line":124,"column":31},"end":{"line":124,"column":59}},"49":{"start":{"line":125,"column":25},"end":{"line":125,"column":43}},"50":{"start":{"line":127,"column":12},"end":{"line":129,"column":null}},"51":{"start":{"line":128,"column":14},"end":{"line":128,"column":null}},"52":{"start":{"line":136,"column":10},"end":{"line":136,"column":null}},"53":{"start":{"line":137,"column":10},"end":{"line":137,"column":null}},"54":{"start":{"line":138,"column":10},"end":{"line":138,"column":null}}},"fnMap":{"0":{"name":"formatResultLabel","decl":{"start":{"line":16,"column":9},"end":{"line":16,"column":27}},"loc":{"start":{"line":16,"column":82},"end":{"line":20,"column":null}},"line":16},"1":{"name":"loadSearchHistory","decl":{"start":{"line":23,"column":9},"end":{"line":23,"column":50}},"loc":{"start":{"line":23,"column":50},"end":{"line":30,"column":null}},"line":23},"2":{"name":"LocationSearch","decl":{"start":{"line":34,"column":16},"end":{"line":34,"column":31}},"loc":{"start":{"line":34,"column":110},"end":{"line":156,"column":null}},"line":34},"3":{"name":"buildHistoryItem","decl":{"start":{"line":44,"column":11},"end":{"line":44,"column":28}},"loc":{"start":{"line":44,"column":79},"end":{"line":53,"column":null}},"line":44},"4":{"name":"addToHistory","decl":{"start":{"line":56,"column":11},"end":{"line":56,"column":24}},"loc":{"start":{"line":56,"column":56},"end":{"line":61,"column":null}},"line":56},"5":{"name":"(anonymous_5)","decl":{"start":{"line":58,"column":4},"end":{"line":58,"column":22}},"loc":{"start":{"line":58,"column":35},"end":{"line":61,"column":null}},"line":58},"6":{"name":"(anonymous_6)","decl":{"start":{"line":59,"column":31},"end":{"line":59,"column":39}},"loc":{"start":{"line":59,"column":48},"end":{"line":59,"column":74}},"line":59},"7":{"name":"(anonymous_7)","decl":{"start":{"line":64,"column":8},"end":{"line":64,"column":32}},"loc":{"start":{"line":64,"column":32},"end":{"line":69,"column":null}},"line":64},"8":{"name":"(anonymous_8)","decl":{"start":{"line":66,"column":28},"end":{"line":66,"column":48}},"loc":{"start":{"line":66,"column":59},"end":{"line":69,"column":null}},"line":66},"9":{"name":"handleSelect","decl":{"start":{"line":72,"column":11},"end":{"line":72,"column":24}},"loc":{"start":{"line":72,"column":56},"end":{"line":77,"column":null}},"line":72},"10":{"name":"handleHistorySelect","decl":{"start":{"line":80,"column":11},"end":{"line":80,"column":31}},"loc":{"start":{"line":80,"column":56},"end":{"line":87,"column":null}},"line":80},"11":{"name":"handleRemoveHistory","decl":{"start":{"line":90,"column":11},"end":{"line":90,"column":31}},"loc":{"start":{"line":90,"column":44},"end":{"line":91,"column":null}},"line":90},"12":{"name":"(anonymous_12)","decl":{"start":{"line":91,"column":4},"end":{"line":91,"column":22}},"loc":{"start":{"line":91,"column":35},"end":{"line":91,"column":78}},"line":91},"13":{"name":"(anonymous_13)","decl":{"start":{"line":91,"column":44},"end":{"line":91,"column":52}},"loc":{"start":{"line":91,"column":61},"end":{"line":91,"column":78}},"line":91},"14":{"name":"handleClear","decl":{"start":{"line":94,"column":11},"end":{"line":94,"column":25}},"loc":{"start":{"line":94,"column":25},"end":{"line":97,"column":null}},"line":94},"15":{"name":"(anonymous_15)","decl":{"start":{"line":100,"column":2},"end":{"line":100,"column":18}},"loc":{"start":{"line":100,"column":18},"end":{"line":102,"column":6}},"line":100},"16":{"name":"(anonymous_16)","decl":{"start":{"line":124,"column":10},"end":{"line":124,"column":21}},"loc":{"start":{"line":124,"column":31},"end":{"line":124,"column":59}},"line":124},"17":{"name":"(anonymous_17)","decl":{"start":{"line":125,"column":10},"end":{"line":125,"column":25}},"loc":{"start":{"line":125,"column":25},"end":{"line":125,"column":43}},"line":125},"18":{"name":"(anonymous_18)","decl":{"start":{"line":126,"column":10},"end":{"line":126,"column":24}},"loc":{"start":{"line":126,"column":24},"end":{"line":129,"column":null}},"line":126},"19":{"name":"(anonymous_19)","decl":{"start":{"line":127,"column":19},"end":{"line":127,"column":36}},"loc":{"start":{"line":127,"column":36},"end":{"line":129,"column":19}},"line":127},"20":{"name":"(anonymous_20)","decl":{"start":{"line":135,"column":64},"end":{"line":135,"column":79}},"loc":{"start":{"line":135,"column":79},"end":{"line":138,"column":null}},"line":135}},"branchMap":{"0":{"loc":{"start":{"line":17,"column":2},"end":{"line":18,"column":null}},"type":"if","locations":[{"start":{"line":17,"column":2},"end":{"line":18,"column":null}},{"start":{},"end":{}}],"line":17},"1":{"loc":{"start":{"line":20,"column":10},"end":{"line":20,"column":null}},"type":"binary-expr","locations":[{"start":{"line":20,"column":10},"end":{"line":20,"column":45}},{"start":{"line":20,"column":45},"end":{"line":20,"column":null}}],"line":20},"2":{"loc":{"start":{"line":24,"column":2},"end":{"line":25,"column":null}},"type":"if","locations":[{"start":{"line":24,"column":2},"end":{"line":25,"column":null}},{"start":{},"end":{}}],"line":24},"3":{"loc":{"start":{"line":28,"column":2},"end":{"line":28,"column":null}},"type":"if","locations":[{"start":{"line":28,"column":2},"end":{"line":28,"column":null}},{"start":{},"end":{}}],"line":28},"4":{"loc":{"start":{"line":30,"column":9},"end":{"line":30,"column":56}},"type":"cond-expr","locations":[{"start":{"line":30,"column":33},"end":{"line":30,"column":51}},{"start":{"line":30,"column":54},"end":{"line":30,"column":56}}],"line":30},"5":{"loc":{"start":{"line":35,"column":37},"end":{"line":35,"column":97}},"type":"cond-expr","locations":[{"start":{"line":35,"column":56},"end":{"line":35,"column":91}},{"start":{"line":35,"column":94},"end":{"line":35,"column":97}}],"line":35},"6":{"loc":{"start":{"line":41,"column":28},"end":{"line":41,"column":null}},"type":"binary-expr","locations":[{"start":{"line":41,"column":28},"end":{"line":41,"column":41}},{"start":{"line":41,"column":41},"end":{"line":41,"column":null}}],"line":41},"7":{"loc":{"start":{"line":42,"column":28},"end":{"line":42,"column":null}},"type":"binary-expr","locations":[{"start":{"line":42,"column":28},"end":{"line":42,"column":41}},{"start":{"line":42,"column":41},"end":{"line":42,"column":null}}],"line":42},"8":{"loc":{"start":{"line":46,"column":16},"end":{"line":46,"column":null}},"type":"cond-expr","locations":[{"start":{"line":46,"column":30},"end":{"line":46,"column":49}},{"start":{"line":46,"column":52},"end":{"line":46,"column":null}}],"line":46},"9":{"loc":{"start":{"line":65,"column":4},"end":{"line":69,"column":null}},"type":"if","locations":[{"start":{"line":65,"column":4},"end":{"line":69,"column":null}},{"start":{},"end":{}}],"line":65},"10":{"loc":{"start":{"line":111,"column":9},"end":{"line":115,"column":null}},"type":"cond-expr","locations":[{"start":{"line":112,"column":10},"end":{"line":115,"column":null}},{"start":{"line":115,"column":12},"end":{"line":115,"column":null}}],"line":111},"11":{"loc":{"start":{"line":140,"column":9},"end":{"line":146,"column":null}},"type":"cond-expr","locations":[{"start":{"line":141,"column":10},"end":{"line":146,"column":null}},{"start":{"line":146,"column":12},"end":{"line":146,"column":null}}],"line":140},"12":{"loc":{"start":{"line":147,"column":9},"end":{"line":156,"column":null}},"type":"cond-expr","locations":[{"start":{"line":148,"column":10},"end":{"line":156,"column":null}},{"start":{"line":156,"column":12},"end":{"line":156,"column":null}}],"line":147},"13":{"loc":{"start":{"line":151,"column":19},"end":{"line":151,"column":null}},"type":"binary-expr","locations":[{"start":{"line":151,"column":19},"end":{"line":151,"column":28}},{"start":{"line":151,"column":28},"end":{"line":151,"column":null}}],"line":151}},"s":{"0":0,"1":0,"2":0,"3":1,"4":0,"5":1,"6":1,"7":0,"8":1,"9":1,"10":2,"11":2,"12":2,"13":2,"14":2,"15":2,"16":2,"17":2,"18":0,"19":0,"20":0,"21":0,"22":0,"23":0,"24":0,"25":0,"26":2,"27":0,"28":0,"29":0,"30":0,"31":0,"32":0,"33":0,"34":0,"35":0,"36":0,"37":0,"38":0,"39":0,"40":0,"41":0,"42":0,"43":0,"44":0,"45":2,"46":1,"47":2,"48":0,"49":1,"50":0,"51":0,"52":0,"53":0,"54":0},"f":{"0":0,"1":1,"2":2,"3":0,"4":0,"5":0,"6":0,"7":0,"8":0,"9":0,"10":0,"11":0,"12":0,"13":0,"14":0,"15":1,"16":0,"17":1,"18":0,"19":0,"20":0},"b":{"0":[0,0],"1":[0,0],"2":[0,1],"3":[0,1],"4":[1,0],"5":[0,2],"6":[2,1],"7":[2,1],"8":[0,0],"9":[0,0],"10":[0,2],"11":[1,1],"12":[0,2],"13":[0,0]},"meta":{"lastBranch":14,"lastFunction":21,"lastStatement":55,"seen":{"f:16:9:16:27":0,"b:17:2:18:Infinity:undefined:undefined:undefined:undefined":0,"s:17:2:18:Infinity":0,"s:18:4:18:Infinity":1,"s:20:2:20:Infinity":2,"b:20:10:20:45:20:45:20:Infinity":1,"f:23:9:23:50":1,"b:24:2:25:Infinity:undefined:undefined:undefined:undefined":2,"s:24:2:25:Infinity":3,"s:25:4:25:Infinity":4,"s:27:14:27:59":5,"b:28:2:28:Infinity:undefined:undefined:undefined:undefined":3,"s:28:2:28:Infinity":6,"s:28:12:28:Infinity":7,"s:29:17:29:32":8,"s:30:2:30:Infinity":9,"b:30:33:30:51:30:54:30:56":4,"f:34:16:34:31":2,"s:35:16:35:97":10,"b:35:56:35:91:35:94:35:97":5,"s:36:20:36:51":11,"s:37:30:37:64":12,"s:38:24:38:92":13,"s:39:19:39:Infinity":14,"s:40:22:40:Infinity":15,"s:41:28:41:Infinity":16,"b:41:28:41:41:41:41:41:Infinity":6,"s:42:28:42:Infinity":17,"b:42:28:42:41:42:41:42:Infinity":7,"f:44:11:44:28":3,"s:45:18:45:45":18,"s:46:16:46:Infinity":19,"b:46:30:46:49:46:52:46:Infinity":8,"s:47:4:53:Infinity":20,"f:56:11:56:24":4,"s:57:21:57:47":21,"s:58:4:61:Infinity":22,"f:58:4:58:22":5,"s:59:22:59:74":23,"f:59:31:59:39":6,"s:59:48:59:74":24,"s:60:6:60:Infinity":25,"s:64:8:69:Infinity":26,"f:64:8:64:32":7,"b:65:4:69:Infinity:undefined:undefined:undefined:undefined":9,"s:65:4:69:Infinity":27,"s:66:6:69:Infinity":28,"f:66:28:66:48":8,"s:67:37:67:Infinity":29,"s:68:8:68:Infinity":30,"f:72:11:72:24":9,"s:73:28:73:55":31,"s:74:4:74:Infinity":32,"s:75:4:75:Infinity":33,"s:76:4:76:Infinity":34,"s:77:4:77:Infinity":35,"f:80:11:80:31":10,"s:81:4:85:Infinity":36,"s:86:4:86:Infinity":37,"s:87:4:87:Infinity":38,"f:90:11:90:31":11,"s:91:4:91:Infinity":39,"f:91:4:91:22":12,"s:91:35:91:78":40,"f:91:44:91:52":13,"s:91:61:91:78":41,"f:94:11:94:25":14,"s:95:4:95:Infinity":42,"s:96:4:96:Infinity":43,"s:97:4:97:Infinity":44,"s:100:2:102:Infinity":45,"f:100:2:100:18":15,"s:101:4:101:Infinity":46,"s:104:2:156:Infinity":47,"b:112:10:115:Infinity:115:12:115:Infinity":10,"f:124:10:124:21":16,"s:124:31:124:59":48,"f:125:10:125:25":17,"s:125:25:125:43":49,"f:126:10:126:24":18,"s:127:12:129:Infinity":50,"f:127:19:127:36":19,"s:128:14:128:Infinity":51,"f:135:64:135:79":20,"s:136:10:136:Infinity":52,"s:137:10:137:Infinity":53,"s:138:10:138:Infinity":54,"b:141:10:146:Infinity:146:12:146:Infinity":11,"b:148:10:156:Infinity:156:12:156:Infinity":12,"b:151:19:151:28:151:28:151:Infinity":13}}}
,"C:\\Users\\quanb\\Documents\\work\\corsearch-assignment\\src\\features\\location-search\\components\\SearchHistoryList.tsx": {"path":"C:\\Users\\quanb\\Documents\\work\\corsearch-assignment\\src\\features\\location-search\\components\\SearchHistoryList.tsx","statementMap":{"0":{"start":{"line":17,"column":2},"end":{"line":50,"column":null}},"1":{"start":{"line":25,"column":12},"end":{"line":48,"column":null}},"2":{"start":{"line":30,"column":35},"end":{"line":30,"column":56}},"3":{"start":{"line":41,"column":18},"end":{"line":41,"column":null}},"4":{"start":{"line":42,"column":18},"end":{"line":42,"column":null}},"5":{"start":{"line":43,"column":18},"end":{"line":43,"column":null}}},"fnMap":{"0":{"name":"SearchHistoryList","decl":{"start":{"line":12,"column":24},"end":{"line":12,"column":42}},"loc":{"start":{"line":16,"column":27},"end":{"line":50,"column":null}},"line":16},"1":{"name":"(anonymous_1)","decl":{"start":{"line":24,"column":25},"end":{"line":24,"column":30}},"loc":{"start":{"line":25,"column":12},"end":{"line":48,"column":null}},"line":25},"2":{"name":"(anonymous_2)","decl":{"start":{"line":30,"column":16},"end":{"line":30,"column":35}},"loc":{"start":{"line":30,"column":35},"end":{"line":30,"column":56}},"line":30},"3":{"name":"(anonymous_3)","decl":{"start":{"line":40,"column":16},"end":{"line":40,"column":30}},"loc":{"start":{"line":40,"column":40},"end":{"line":43,"column":null}},"line":40}},"branchMap":{"0":{"loc":{"start":{"line":20,"column":7},"end":{"line":50,"column":null}},"type":"cond-expr","locations":[{"start":{"line":21,"column":8},"end":{"line":23,"column":9}},{"start":{"line":23,"column":8},"end":{"line":50,"column":null}}],"line":20}},"s":{"0":1,"1":1,"2":0,"3":0,"4":0,"5":0},"f":{"0":1,"1":1,"2":0,"3":0},"b":{"0":[0,1]},"meta":{"lastBranch":1,"lastFunction":4,"lastStatement":6,"seen":{"f:12:24:12:42":0,"s:17:2:50:Infinity":0,"b:21:8:23:9:23:8:50:Infinity":0,"f:24:25:24:30":1,"s:25:12:48:Infinity":1,"f:30:16:30:35":2,"s:30:35:30:56":2,"f:40:16:40:30":3,"s:41:18:41:Infinity":3,"s:42:18:42:Infinity":4,"s:43:18:43:Infinity":5}}}
,"C:\\Users\\quanb\\Documents\\work\\corsearch-assignment\\src\\features\\location-search\\components\\SearchResults.tsx": {"path":"C:\\Users\\quanb\\Documents\\work\\corsearch-assignment\\src\\features\\location-search\\components\\SearchResults.tsx","statementMap":{"0":{"start":{"line":14,"column":2},"end":{"line":14,"column":null}},"1":{"start":{"line":18,"column":2},"end":{"line":19,"column":null}},"2":{"start":{"line":19,"column":4},"end":{"line":19,"column":null}},"3":{"start":{"line":22,"column":2},"end":{"line":22,"column":null}},"4":{"start":{"line":26,"column":2},"end":{"line":27,"column":null}},"5":{"start":{"line":27,"column":4},"end":{"line":27,"column":null}},"6":{"start":{"line":30,"column":2},"end":{"line":53,"column":null}},"7":{"start":{"line":41,"column":12},"end":{"line":50,"column":null}},"8":{"start":{"line":46,"column":35},"end":{"line":46,"column":53}}},"fnMap":{"0":{"name":"formatResultLabel","decl":{"start":{"line":13,"column":9},"end":{"line":13,"column":27}},"loc":{"start":{"line":13,"column":67},"end":{"line":14,"column":null}},"line":13},"1":{"name":"getResultKey","decl":{"start":{"line":17,"column":9},"end":{"line":17,"column":22}},"loc":{"start":{"line":17,"column":62},"end":{"line":22,"column":null}},"line":17},"2":{"name":"SearchResults","decl":{"start":{"line":25,"column":16},"end":{"line":25,"column":30}},"loc":{"start":{"line":25,"column":114},"end":{"line":53,"column":null}},"line":25},"3":{"name":"(anonymous_3)","decl":{"start":{"line":40,"column":19},"end":{"line":40,"column":24}},"loc":{"start":{"line":41,"column":12},"end":{"line":50,"column":null}},"line":41},"4":{"name":"(anonymous_4)","decl":{"start":{"line":46,"column":16},"end":{"line":46,"column":35}},"loc":{"start":{"line":46,"column":35},"end":{"line":46,"column":53}},"line":46}},"branchMap":{"0":{"loc":{"start":{"line":18,"column":2},"end":{"line":19,"column":null}},"type":"if","locations":[{"start":{"line":18,"column":2},"end":{"line":19,"column":null}},{"start":{},"end":{}}],"line":18},"1":{"loc":{"start":{"line":26,"column":2},"end":{"line":27,"column":null}},"type":"if","locations":[{"start":{"line":26,"column":2},"end":{"line":27,"column":null}},{"start":{},"end":{}}],"line":26},"2":{"loc":{"start":{"line":32,"column":7},"end":{"line":32,"column":null}},"type":"cond-expr","locations":[{"start":{"line":32,"column":22},"end":{"line":32,"column":null}},{"start":{"line":32,"column":84},"end":{"line":32,"column":null}}],"line":32},"3":{"loc":{"start":{"line":33,"column":7},"end":{"line":33,"column":null}},"type":"cond-expr","locations":[{"start":{"line":33,"column":34},"end":{"line":33,"column":null}},{"start":{"line":33,"column":81},"end":{"line":33,"column":null}}],"line":33},"4":{"loc":{"start":{"line":33,"column":7},"end":{"line":33,"column":34}},"type":"binary-expr","locations":[{"start":{"line":33,"column":7},"end":{"line":33,"column":22}},{"start":{"line":33,"column":22},"end":{"line":33,"column":34}}],"line":33},"5":{"loc":{"start":{"line":34,"column":7},"end":{"line":34,"column":null}},"type":"cond-expr","locations":[{"start":{"line":34,"column":44},"end":{"line":34,"column":null}},{"start":{"line":34,"column":86},"end":{"line":34,"column":null}}],"line":34},"6":{"loc":{"start":{"line":34,"column":7},"end":{"line":34,"column":44}},"type":"binary-expr","locations":[{"start":{"line":34,"column":7},"end":{"line":34,"column":22}},{"start":{"line":34,"column":22},"end":{"line":34,"column":36}},{"start":{"line":34,"column":36},"end":{"line":34,"column":44}}],"line":34},"7":{"loc":{"start":{"line":35,"column":7},"end":{"line":37,"column":null}},"type":"cond-expr","locations":[{"start":{"line":36,"column":8},"end":{"line":37,"column":null}},{"start":{"line":37,"column":10},"end":{"line":37,"column":null}}],"line":35},"8":{"loc":{"start":{"line":35,"column":7},"end":{"line":35,"column":null}},"type":"binary-expr","locations":[{"start":{"line":35,"column":7},"end":{"line":35,"column":22}},{"start":{"line":35,"column":22},"end":{"line":35,"column":36}},{"start":{"line":35,"column":36},"end":{"line":35,"column":46}},{"start":{"line":35,"column":46},"end":{"line":35,"column":null}}],"line":35},"9":{"loc":{"start":{"line":38,"column":7},"end":{"line":53,"column":null}},"type":"cond-expr","locations":[{"start":{"line":39,"column":8},"end":{"line":53,"column":null}},{"start":{"line":53,"column":10},"end":{"line":53,"column":null}}],"line":38},"10":{"loc":{"start":{"line":38,"column":7},"end":{"line":38,"column":null}},"type":"binary-expr","locations":[{"start":{"line":38,"column":7},"end":{"line":38,"column":22}},{"start":{"line":38,"column":22},"end":{"line":38,"column":36}},{"start":{"line":38,"column":36},"end":{"line":38,"column":46}},{"start":{"line":38,"column":46},"end":{"line":38,"column":null}}],"line":38}},"s":{"0":0,"1":0,"2":0,"3":0,"4":0,"5":0,"6":0,"7":0,"8":0},"f":{"0":0,"1":0,"2":0,"3":0,"4":0},"b":{"0":[0,0],"1":[0,0],"2":[0,0],"3":[0,0],"4":[0,0],"5":[0,0],"6":[0,0,0],"7":[0,0],"8":[0,0,0,0],"9":[0,0],"10":[0,0,0,0]},"meta":{"lastBranch":11,"lastFunction":5,"lastStatement":9,"seen":{"f:13:9:13:27":0,"s:14:2:14:Infinity":0,"f:17:9:17:22":1,"b:18:2:19:Infinity:undefined:undefined:undefined:undefined":0,"s:18:2:19:Infinity":1,"s:19:4:19:Infinity":2,"s:22:2:22:Infinity":3,"f:25:16:25:30":2,"b:26:2:27:Infinity:undefined:undefined:undefined:undefined":1,"s:26:2:27:Infinity":4,"s:27:4:27:Infinity":5,"s:30:2:53:Infinity":6,"b:32:22:32:Infinity:32:84:32:Infinity":2,"b:33:34:33:Infinity:33:81:33:Infinity":3,"b:33:7:33:22:33:22:33:34":4,"b:34:44:34:Infinity:34:86:34:Infinity":5,"b:34:7:34:22:34:22:34:36:34:36:34:44":6,"b:36:8:37:Infinity:37:10:37:Infinity":7,"b:35:7:35:22:35:22:35:36:35:36:35:46:35:46:35:Infinity":8,"b:39:8:53:Infinity:53:10:53:Infinity":9,"b:38:7:38:22:38:22:38:36:38:36:38:46:38:46:38:Infinity":10,"f:40:19:40:24":3,"s:41:12:50:Infinity":7,"f:46:16:46:35":4,"s:46:35:46:53":8}}}
,"C:\\Users\\quanb\\Documents\\work\\corsearch-assignment\\src\\features\\weather\\components\\CurrentWeatherCard.tsx": {"path":"C:\\Users\\quanb\\Documents\\work\\corsearch-assignment\\src\\features\\weather\\components\\CurrentWeatherCard.tsx","statementMap":{"0":{"start":{"line":15,"column":8},"end":{"line":15,"column":69}},"1":{"start":{"line":16,"column":23},"end":{"line":16,"column":null}},"2":{"start":{"line":17,"column":2},"end":{"line":37,"column":null}}},"fnMap":{"0":{"name":"CurrentWeatherCard","decl":{"start":{"line":13,"column":16},"end":{"line":13,"column":35}},"loc":{"start":{"line":13,"column":98},"end":{"line":37,"column":null}},"line":13}},"branchMap":{"0":{"loc":{"start":{"line":16,"column":23},"end":{"line":16,"column":null}},"type":"cond-expr","locations":[{"start":{"line":16,"column":39},"end":{"line":16,"column":55}},{"start":{"line":16,"column":55},"end":{"line":16,"column":null}}],"line":16}},"s":{"0":1,"1":1,"2":1},"f":{"0":1},"b":{"0":[1,0]},"meta":{"lastBranch":1,"lastFunction":1,"lastStatement":3,"seen":{"f:13:16:13:35":0,"s:15:8:15:69":0,"s:16:23:16:Infinity":1,"b:16:39:16:55:16:55:16:Infinity":0,"s:17:2:37:Infinity":2}}}
,"C:\\Users\\quanb\\Documents\\work\\corsearch-assignment\\src\\features\\weather\\components\\WeatherView.module.scss": {"path":"C:\\Users\\quanb\\Documents\\work\\corsearch-assignment\\src\\features\\weather\\components\\WeatherView.module.scss","statementMap":{},"fnMap":{},"branchMap":{},"s":{},"f":{},"b":{},"meta":{"lastBranch":0,"lastFunction":0,"lastStatement":0,"seen":{}}}
,"C:\\Users\\quanb\\Documents\\work\\corsearch-assignment\\src\\features\\weather\\hooks\\useForecast.ts": {"path":"C:\\Users\\quanb\\Documents\\work\\corsearch-assignment\\src\\features\\weather\\hooks\\useForecast.ts","statementMap":{"0":{"start":{"line":6,"column":13},"end":{"line":52,"column":null}},"1":{"start":{"line":14,"column":21},"end":{"line":14,"column":76}},"2":{"start":{"line":15,"column":18},"end":{"line":15,"column":58}},"3":{"start":{"line":16,"column":20},"end":{"line":16,"column":58}},"4":{"start":{"line":17,"column":4},"end":{"line":47,"column":null}},"5":{"start":{"line":18,"column":8},"end":{"line":19,"column":null}},"6":{"start":{"line":19,"column":12},"end":{"line":19,"column":null}},"7":{"start":{"line":22,"column":27},"end":{"line":22,"column":48}},"8":{"start":{"line":23,"column":22},"end":{"line":40,"column":null}},"9":{"start":{"line":24,"column":12},"end":{"line":40,"column":null}},"10":{"start":{"line":25,"column":16},"end":{"line":25,"column":null}},"11":{"start":{"line":26,"column":16},"end":{"line":26,"column":null}},"12":{"start":{"line":27,"column":33},"end":{"line":30,"column":33}},"13":{"start":{"line":31,"column":8},"end":{"line":31,"column":null}},"14":{"start":{"line":33,"column":12},"end":{"line":34,"column":null}},"15":{"start":{"line":34,"column":16},"end":{"line":34,"column":null}},"16":{"start":{"line":36,"column":12},"end":{"line":36,"column":null}},"17":{"start":{"line":37,"column":12},"end":{"line":37,"column":null}},"18":{"start":{"line":39,"column":12},"end":{"line":40,"column":null}},"19":{"start":{"line":40,"column":16},"end":{"line":40,"column":null}},"20":{"start":{"line":44,"column":8},"end":{"line":44,"column":null}},"21":{"start":{"line":46,"column":8},"end":{"line":46,"column":null}},"22":{"start":{"line":46,"column":21},"end":{"line":46,"column":39}},"23":{"start":{"line":48,"column":4},"end":{"line":52,"column":null}}},"fnMap":{"0":{"name":"(anonymous_0)","decl":{"start":{"line":6,"column":13},"end":{"line":6,"column":28}},"loc":{"start":{"line":13,"column":5},"end":{"line":52,"column":null}},"line":13},"1":{"name":"(anonymous_1)","decl":{"start":{"line":17,"column":4},"end":{"line":17,"column":20}},"loc":{"start":{"line":17,"column":20},"end":{"line":47,"column":8}},"line":17},"2":{"name":"(anonymous_2)","decl":{"start":{"line":23,"column":22},"end":{"line":23,"column":34}},"loc":{"start":{"line":23,"column":34},"end":{"line":40,"column":null}},"line":23},"3":{"name":"(anonymous_3)","decl":{"start":{"line":46,"column":8},"end":{"line":46,"column":21}},"loc":{"start":{"line":46,"column":21},"end":{"line":46,"column":39}},"line":46}},"branchMap":{"0":{"loc":{"start":{"line":18,"column":8},"end":{"line":19,"column":null}},"type":"if","locations":[{"start":{"line":18,"column":8},"end":{"line":19,"column":null}},{"start":{},"end":{}}],"line":18},"1":{"loc":{"start":{"line":33,"column":12},"end":{"line":34,"column":null}},"type":"if","locations":[{"start":{"line":33,"column":12},"end":{"line":34,"column":null}},{"start":{},"end":{}}],"line":33},"2":{"loc":{"start":{"line":33,"column":16},"end":{"line":33,"column":71}},"type":"binary-expr","locations":[{"start":{"line":33,"column":16},"end":{"line":33,"column":42}},{"start":{"line":33,"column":42},"end":{"line":33,"column":71}}],"line":33},"3":{"loc":{"start":{"line":37,"column":21},"end":{"line":37,"column":80}},"type":"cond-expr","locations":[{"start":{"line":37,"column":46},"end":{"line":37,"column":54}},{"start":{"line":37,"column":54},"end":{"line":37,"column":80}}],"line":37},"4":{"loc":{"start":{"line":39,"column":12},"end":{"line":40,"column":null}},"type":"if","locations":[{"start":{"line":39,"column":12},"end":{"line":40,"column":null}},{"start":{},"end":{}}],"line":39}},"s":{"0":1,"1":5,"2":5,"3":5,"4":5,"5":2,"6":0,"7":2,"8":2,"9":2,"10":2,"11":2,"12":2,"13":2,"14":0,"15":0,"16":0,"17":0,"18":2,"19":1,"20":2,"21":2,"22":2,"23":5},"f":{"0":5,"1":2,"2":2,"3":2},"b":{"0":[0,2],"1":[0,0],"2":[0,0],"3":[0,0],"4":[1,1]},"meta":{"lastBranch":5,"lastFunction":4,"lastStatement":24,"seen":{"s:6:13:52:Infinity":0,"f:6:13:6:28":0,"s:14:21:14:76":1,"s:15:18:15:58":2,"s:16:20:16:58":3,"s:17:4:47:Infinity":4,"f:17:4:17:20":1,"b:18:8:19:Infinity:undefined:undefined:undefined:undefined":0,"s:18:8:19:Infinity":5,"s:19:12:19:Infinity":6,"s:22:27:22:48":7,"s:23:22:40:Infinity":8,"f:23:22:23:34":2,"s:24:12:40:Infinity":9,"s:25:16:25:Infinity":10,"s:26:16:26:Infinity":11,"s:27:33:30:33":12,"s:31:8:31:Infinity":13,"b:33:12:34:Infinity:undefined:undefined:undefined:undefined":1,"s:33:12:34:Infinity":14,"b:33:16:33:42:33:42:33:71":2,"s:34:16:34:Infinity":15,"s:36:12:36:Infinity":16,"s:37:12:37:Infinity":17,"b:37:46:37:54:37:54:37:80":3,"b:39:12:40:Infinity:undefined:undefined:undefined:undefined":4,"s:39:12:40:Infinity":18,"s:40:16:40:Infinity":19,"s:44:8:44:Infinity":20,"s:46:8:46:Infinity":21,"f:46:8:46:21":3,"s:46:21:46:39":22,"s:48:4:52:Infinity":23}}}
,"C:\\Users\\quanb\\Documents\\work\\corsearch-assignment\\src\\features\\weather\\model\\mappers.ts": {"path":"C:\\Users\\quanb\\Documents\\work\\corsearch-assignment\\src\\features\\weather\\model\\mappers.ts","statementMap":{"0":{"start":{"line":11,"column":19},"end":{"line":11,"column":null}},"1":{"start":{"line":12,"column":15},"end":{"line":12,"column":44}},"2":{"start":{"line":14,"column":2},"end":{"line":15,"column":null}},"3":{"start":{"line":15,"column":4},"end":{"line":15,"column":null}},"4":{"start":{"line":18,"column":2},"end":{"line":18,"column":null}},"5":{"start":{"line":22,"column":2},"end":{"line":29,"column":null}},"6":{"start":{"line":33,"column":67},"end":{"line":33,"column":null}},"7":{"start":{"line":34,"column":15},"end":{"line":39,"column":5}},"8":{"start":{"line":34,"column":56},"end":{"line":39,"column":5}},"9":{"start":{"line":41,"column":2},"end":{"line":41,"column":null}},"10":{"start":{"line":45,"column":108},"end":{"line":45,"column":null}},"11":{"start":{"line":46,"column":17},"end":{"line":55,"column":5}},"12":{"start":{"line":46,"column":43},"end":{"line":55,"column":5}},"13":{"start":{"line":57,"column":2},"end":{"line":57,"column":null}},"14":{"start":{"line":61,"column":2},"end":{"line":61,"column":null}},"15":{"start":{"line":62,"column":2},"end":{"line":67,"column":null}}},"fnMap":{"0":{"name":"getIsDayFromHour","decl":{"start":{"line":10,"column":9},"end":{"line":10,"column":26}},"loc":{"start":{"line":10,"column":48},"end":{"line":18,"column":null}},"line":10},"1":{"name":"mapCurrentWeather","decl":{"start":{"line":21,"column":16},"end":{"line":21,"column":34}},"loc":{"start":{"line":21,"column":81},"end":{"line":29,"column":null}},"line":21},"2":{"name":"mapDailyForecast","decl":{"start":{"line":32,"column":16},"end":{"line":32,"column":33}},"loc":{"start":{"line":32,"column":79},"end":{"line":41,"column":null}},"line":32},"3":{"name":"(anonymous_3)","decl":{"start":{"line":34,"column":35},"end":{"line":34,"column":40}},"loc":{"start":{"line":34,"column":56},"end":{"line":39,"column":5}},"line":34},"4":{"name":"mapHourlyForecast","decl":{"start":{"line":44,"column":16},"end":{"line":44,"column":34}},"loc":{"start":{"line":44,"column":87},"end":{"line":57,"column":null}},"line":44},"5":{"name":"(anonymous_5)","decl":{"start":{"line":46,"column":22},"end":{"line":46,"column":27}},"loc":{"start":{"line":46,"column":43},"end":{"line":55,"column":5}},"line":46},"6":{"name":"mapForecast","decl":{"start":{"line":60,"column":16},"end":{"line":60,"column":28}},"loc":{"start":{"line":60,"column":78},"end":{"line":67,"column":null}},"line":60}},"branchMap":{"0":{"loc":{"start":{"line":14,"column":2},"end":{"line":15,"column":null}},"type":"if","locations":[{"start":{"line":14,"column":2},"end":{"line":15,"column":null}},{"start":{},"end":{}}],"line":14},"1":{"loc":{"start":{"line":18,"column":9},"end":{"line":18,"column":null}},"type":"binary-expr","locations":[{"start":{"line":18,"column":9},"end":{"line":18,"column":22}},{"start":{"line":18,"column":22},"end":{"line":18,"column":null}}],"line":18}},"s":{"0":2,"1":2,"2":2,"3":0,"4":2,"5":0,"6":1,"7":1,"8":2,"9":1,"10":1,"11":1,"12":2,"13":1,"14":0,"15":0},"f":{"0":2,"1":0,"2":1,"3":2,"4":1,"5":2,"6":0},"b":{"0":[0,2],"1":[2,0]},"meta":{"lastBranch":2,"lastFunction":7,"lastStatement":16,"seen":{"f:10:9:10:26":0,"s:11:19:11:Infinity":0,"s:12:15:12:44":1,"b:14:2:15:Infinity:undefined:undefined:undefined:undefined":0,"s:14:2:15:Infinity":2,"s:15:4:15:Infinity":3,"s:18:2:18:Infinity":4,"b:18:9:18:22:18:22:18:Infinity":1,"f:21:16:21:34":1,"s:22:2:29:Infinity":5,"f:32:16:32:33":2,"s:33:67:33:Infinity":6,"s:34:15:39:5":7,"f:34:35:34:40":3,"s:34:56:39:5":8,"s:41:2:41:Infinity":9,"f:44:16:44:34":4,"s:45:108:45:Infinity":10,"s:46:17:55:5":11,"f:46:22:46:27":5,"s:46:43:55:5":12,"s:57:2:57:Infinity":13,"f:60:16:60:28":6,"s:61:2:61:Infinity":14,"s:62:2:67:Infinity":15}}}
,"C:\\Users\\quanb\\Documents\\work\\corsearch-assignment\\src\\features\\weather\\model\\weatherCode.ts": {"path":"C:\\Users\\quanb\\Documents\\work\\corsearch-assignment\\src\\features\\weather\\model\\weatherCode.ts","statementMap":{"0":{"start":{"line":14,"column":59},"end":{"line":127,"column":null}},"1":{"start":{"line":129,"column":36},"end":{"line":132,"column":null}},"2":{"start":{"line":134,"column":38},"end":{"line":137,"column":null}},"3":{"start":{"line":140,"column":16},"end":{"line":140,"column":null}},"4":{"start":{"line":142,"column":2},"end":{"line":143,"column":null}},"5":{"start":{"line":143,"column":4},"end":{"line":143,"column":null}},"6":{"start":{"line":146,"column":2},"end":{"line":146,"column":null}}},"fnMap":{"0":{"name":"getWeatherVisual","decl":{"start":{"line":139,"column":16},"end":{"line":139,"column":33}},"loc":{"start":{"line":139,"column":76},"end":{"line":146,"column":null}},"line":139}},"branchMap":{"0":{"loc":{"start":{"line":139,"column":47},"end":{"line":139,"column":76}},"type":"default-arg","locations":[{"start":{"line":139,"column":55},"end":{"line":139,"column":76}}],"line":139},"1":{"loc":{"start":{"line":142,"column":2},"end":{"line":143,"column":null}},"type":"if","locations":[{"start":{"line":142,"column":2},"end":{"line":143,"column":null}},{"start":{},"end":{}}],"line":142},"2":{"loc":{"start":{"line":143,"column":11},"end":{"line":143,"column":null}},"type":"cond-expr","locations":[{"start":{"line":143,"column":19},"end":{"line":143,"column":34}},{"start":{"line":143,"column":34},"end":{"line":143,"column":null}}],"line":143},"3":{"loc":{"start":{"line":146,"column":9},"end":{"line":146,"column":null}},"type":"cond-expr","locations":[{"start":{"line":146,"column":17},"end":{"line":146,"column":29}},{"start":{"line":146,"column":29},"end":{"line":146,"column":null}}],"line":146}},"s":{"0":1,"1":1,"2":1,"3":1,"4":1,"5":0,"6":1},"f":{"0":1},"b":{"0":[1],"1":[0,1],"2":[0,0],"3":[1,0]},"meta":{"lastBranch":4,"lastFunction":1,"lastStatement":7,"seen":{"s:14:59:127:Infinity":0,"s:129:36:132:Infinity":1,"s:134:38:137:Infinity":2,"f:139:16:139:33":0,"b:139:55:139:76":0,"s:140:16:140:Infinity":3,"b:142:2:143:Infinity:undefined:undefined:undefined:undefined":1,"s:142:2:143:Infinity":4,"s:143:4:143:Infinity":5,"b:143:19:143:34:143:34:143:Infinity":2,"s:146:2:146:Infinity":6,"b:146:17:146:29:146:29:146:Infinity":3}}}
,"C:\\Users\\quanb\\Documents\\work\\corsearch-assignment\\src\\shared\\lib\\date.ts": {"path":"C:\\Users\\quanb\\Documents\\work\\corsearch-assignment\\src\\shared\\lib\\date.ts","statementMap":{"0":{"start":{"line":2,"column":2},"end":{"line":2,"column":null}},"1":{"start":{"line":6,"column":2},"end":{"line":7,"column":null}},"2":{"start":{"line":7,"column":4},"end":{"line":7,"column":null}},"3":{"start":{"line":10,"column":23},"end":{"line":10,"column":37}},"4":{"start":{"line":11,"column":2},"end":{"line":11,"column":null}},"5":{"start":{"line":15,"column":15},"end":{"line":15,"column":46}},"6":{"start":{"line":16,"column":2},"end":{"line":16,"column":null}},"7":{"start":{"line":20,"column":15},"end":{"line":20,"column":46}},"8":{"start":{"line":21,"column":2},"end":{"line":21,"column":null}}},"fnMap":{"0":{"name":"getDateKey","decl":{"start":{"line":1,"column":16},"end":{"line":1,"column":27}},"loc":{"start":{"line":1,"column":48},"end":{"line":2,"column":null}},"line":1},"1":{"name":"getHourLabel","decl":{"start":{"line":5,"column":16},"end":{"line":5,"column":29}},"loc":{"start":{"line":5,"column":50},"end":{"line":11,"column":null}},"line":5},"2":{"name":"formatWeekday","decl":{"start":{"line":14,"column":16},"end":{"line":14,"column":30}},"loc":{"start":{"line":14,"column":86},"end":{"line":16,"column":null}},"line":14},"3":{"name":"formatMonthDay","decl":{"start":{"line":19,"column":16},"end":{"line":19,"column":31}},"loc":{"start":{"line":19,"column":87},"end":{"line":21,"column":null}},"line":19}},"branchMap":{"0":{"loc":{"start":{"line":2,"column":9},"end":{"line":2,"column":null}},"type":"cond-expr","locations":[{"start":{"line":2,"column":29},"end":{"line":2,"column":49}},{"start":{"line":2,"column":49},"end":{"line":2,"column":null}}],"line":2},"1":{"loc":{"start":{"line":6,"column":2},"end":{"line":7,"column":null}},"type":"if","locations":[{"start":{"line":6,"column":2},"end":{"line":7,"column":null}},{"start":{},"end":{}}],"line":6},"2":{"loc":{"start":{"line":11,"column":9},"end":{"line":11,"column":null}},"type":"binary-expr","locations":[{"start":{"line":11,"column":9},"end":{"line":11,"column":30}},{"start":{"line":11,"column":34},"end":{"line":11,"column":null}}],"line":11}},"s":{"0":2,"1":2,"2":0,"3":2,"4":2,"5":0,"6":0,"7":1,"8":1},"f":{"0":2,"1":2,"2":0,"3":1},"b":{"0":[2,0],"1":[0,2],"2":[2,0]},"meta":{"lastBranch":3,"lastFunction":4,"lastStatement":9,"seen":{"f:1:16:1:27":0,"s:2:2:2:Infinity":0,"b:2:29:2:49:2:49:2:Infinity":0,"f:5:16:5:29":1,"b:6:2:7:Infinity:undefined:undefined:undefined:undefined":1,"s:6:2:7:Infinity":1,"s:7:4:7:Infinity":2,"s:10:23:10:37":3,"s:11:2:11:Infinity":4,"b:11:9:11:30:11:34:11:Infinity":2,"f:14:16:14:30":2,"s:15:15:15:46":5,"s:16:2:16:Infinity":6,"f:19:16:19:31":3,"s:20:15:20:46":7,"s:21:2:21:Infinity":8}}}
,"C:\\Users\\quanb\\Documents\\work\\corsearch-assignment\\src\\shared\\lib\\format.ts": {"path":"C:\\Users\\quanb\\Documents\\work\\corsearch-assignment\\src\\shared\\lib\\format.ts","statementMap":{"0":{"start":{"line":2,"column":18},"end":{"line":2,"column":35}},"1":{"start":{"line":3,"column":2},"end":{"line":3,"column":null}},"2":{"start":{"line":7,"column":18},"end":{"line":7,"column":35}},"3":{"start":{"line":8,"column":2},"end":{"line":8,"column":null}},"4":{"start":{"line":12,"column":18},"end":{"line":12,"column":35}},"5":{"start":{"line":13,"column":2},"end":{"line":13,"column":null}}},"fnMap":{"0":{"name":"formatTemperature","decl":{"start":{"line":1,"column":16},"end":{"line":1,"column":34}},"loc":{"start":{"line":1,"column":57},"end":{"line":3,"column":null}},"line":1},"1":{"name":"formatWindSpeed","decl":{"start":{"line":6,"column":16},"end":{"line":6,"column":32}},"loc":{"start":{"line":6,"column":55},"end":{"line":8,"column":null}},"line":6},"2":{"name":"formatHumidity","decl":{"start":{"line":11,"column":16},"end":{"line":11,"column":31}},"loc":{"start":{"line":11,"column":54},"end":{"line":13,"column":null}},"line":11}},"branchMap":{},"s":{"0":1,"1":1,"2":1,"3":1,"4":1,"5":1},"f":{"0":1,"1":1,"2":1},"b":{},"meta":{"lastBranch":0,"lastFunction":3,"lastStatement":6,"seen":{"f:1:16:1:34":0,"s:2:18:2:35":0,"s:3:2:3:Infinity":1,"f:6:16:6:32":1,"s:7:18:7:35":2,"s:8:2:8:Infinity":3,"f:11:16:11:31":2,"s:12:18:12:35":4,"s:13:2:13:Infinity":5}}}
}
